<?xml version="1.0" encoding="UTF-8"?>
<robot generator="Robot 6.1.1 (Python 3.12.1 on win32)" generated="20240810 16:34:22.920" rpa="false" schemaversion="4">
<suite id="s1" name="Amazon Tests" source="C:\Users\letic\Documents\Robot Udemy\RobotFramework\WebTesting\amazon_tests.robot">
<test id="s1-t1" name="Test Case 02 - Search for a product" line="17">
<kw name="Open the browser" library="amazon_resources" type="SETUP">
<kw name="Open Browser" library="SeleniumLibrary">
<doc>Opens a new browser instance to the optional ``url``.</doc>
<msg timestamp="20240810 16:34:23.039" level="INFO">Opening browser 'firefox' to base url 'None'.</msg>
<status status="PASS" starttime="20240810 16:34:23.039" endtime="20240810 16:34:28.325"/>
</kw>
<kw name="Maximize Browser Window" library="SeleniumLibrary">
<doc>Maximizes current browser window.</doc>
<status status="PASS" starttime="20240810 16:34:28.325" endtime="20240810 16:34:28.597"/>
</kw>
<status status="PASS" starttime="20240810 16:34:23.038" endtime="20240810 16:34:28.597"/>
</kw>
<kw name="Access the home page (amazon.com.br)" library="amazon_resources">
<kw name="Go To" library="SeleniumLibrary">
<arg>url=${URL}</arg>
<doc>Navigates the current browser window to the provided ``url``.</doc>
<msg timestamp="20240810 16:34:28.598" level="INFO">Opening url 'http://www.amazon.com.br'</msg>
<status status="PASS" starttime="20240810 16:34:28.598" endtime="20240810 16:34:29.698"/>
</kw>
<kw name="Wait Until Element Is Visible" library="SeleniumLibrary">
<arg>locator=${MENU_ELECTRONICS}</arg>
<doc>Waits until the element ``locator`` is visible.</doc>
<status status="PASS" starttime="20240810 16:34:29.698" endtime="20240810 16:34:29.766"/>
</kw>
<status status="PASS" starttime="20240810 16:34:28.598" endtime="20240810 16:34:29.766"/>
</kw>
<kw name="Type the product name &quot;Echo Dot&quot; in the search field" library="amazon_resources" sourcename="Type the product name &quot;${PRODUCT_NAME}&quot; in the search field">
<kw name="Input Text" library="SeleniumLibrary">
<arg>locator=${SEARCH_INPUT}</arg>
<arg>text=${PRODUCT_NAME}</arg>
<doc>Types the given ``text`` into the text field identified by ``locator``.</doc>
<msg timestamp="20240810 16:34:29.768" level="INFO">Typing text 'Echo Dot' into text field '//input[contains(@type,'text')]'.</msg>
<status status="PASS" starttime="20240810 16:34:29.767" endtime="20240810 16:34:29.905"/>
</kw>
<status status="PASS" starttime="20240810 16:34:29.767" endtime="20240810 16:34:29.905"/>
</kw>
<kw name="Click on the search button" library="amazon_resources">
<kw name="Click Element" library="SeleniumLibrary">
<arg>locator=${SEARCH_BUTTON}</arg>
<doc>Click the element identified by ``locator``.</doc>
<msg timestamp="20240810 16:34:29.907" level="INFO">Clicking element '//input[contains(@type,'submit')]'.</msg>
<status status="PASS" starttime="20240810 16:34:29.905" endtime="20240810 16:34:30.836"/>
</kw>
<status status="PASS" starttime="20240810 16:34:29.905" endtime="20240810 16:34:30.836"/>
</kw>
<kw name="Verifies the &quot;Echo Dot&quot; is displayed on the research list" library="amazon_resources" sourcename="Verifies the &quot;${PRODUCT_NAME}&quot; is displayed on the research list">
<kw name="Wait Until Page Contains" library="SeleniumLibrary">
<arg>text=${PRODUCT_NAME}</arg>
<doc>Waits until ``text`` appears on the current page.</doc>
<status status="PASS" starttime="20240810 16:34:30.837" endtime="20240810 16:34:30.903"/>
</kw>
<status status="PASS" starttime="20240810 16:34:30.836" endtime="20240810 16:34:30.903"/>
</kw>
<kw name="Close the browser" library="amazon_resources" type="TEARDOWN">
<kw name="Close Browser" library="SeleniumLibrary">
<doc>Closes the current browser.</doc>
<status status="PASS" starttime="20240810 16:34:30.903" endtime="20240810 16:34:34.086"/>
</kw>
<status status="PASS" starttime="20240810 16:34:30.903" endtime="20240810 16:34:34.086"/>
</kw>
<doc>Verifies it's possible to search a product</doc>
<tag>search_list</tag>
<tag>search_products</tag>
<status status="PASS" starttime="20240810 16:34:23.038" endtime="20240810 16:34:34.086"/>
</test>
<doc>test suite for amazon.com.br</doc>
<status status="PASS" starttime="20240810 16:34:22.921" endtime="20240810 16:34:34.087"/>
</suite>
<statistics>
<total>
<stat pass="1" fail="0" skip="0">All Tests</stat>
</total>
<tag>
<stat pass="1" fail="0" skip="0">search_list</stat>
<stat pass="1" fail="0" skip="0">search_products</stat>
</tag>
<suite>
<stat pass="1" fail="0" skip="0" id="s1" name="Amazon Tests">Amazon Tests</stat>
</suite>
</statistics>
<errors>
</errors>
</robot>
