<?xml version="1.0" encoding="UTF-8"?>
<robot generator="Robot 6.1.1 (Python 3.12.1 on win32)" generated="20240810 00:05:07.585" rpa="false" schemaversion="4">
<suite id="s1" name="Amazon Tests" source="C:\Users\letic\Documents\Robot Udemy\RobotFramework\WebTesting\amazon_tests.robot">
<test id="s1-t1" name="Test Case 01 - Access &quot;Eletronics&quot; menu" line="8">
<kw name="Open the browser" library="amazon_resources" type="SETUP">
<kw name="Open Browser" library="SeleniumLibrary">
<doc>Opens a new browser instance to the optional ``url``.</doc>
<msg timestamp="20240810 00:05:07.725" level="INFO">Opening browser 'firefox' to base url 'None'.</msg>
<status status="PASS" starttime="20240810 00:05:07.725" endtime="20240810 00:05:12.952"/>
</kw>
<kw name="Maximize Browser Window" library="SeleniumLibrary">
<doc>Maximizes current browser window.</doc>
<status status="PASS" starttime="20240810 00:05:12.952" endtime="20240810 00:05:13.232"/>
</kw>
<status status="PASS" starttime="20240810 00:05:07.725" endtime="20240810 00:05:13.233"/>
</kw>
<kw name="Access the home page (amazon.com.br)" library="amazon_resources">
<kw name="Go To" library="SeleniumLibrary">
<arg>url=${URL}</arg>
<doc>Navigates the current browser window to the provided ``url``.</doc>
<msg timestamp="20240810 00:05:13.233" level="INFO">Opening url 'http://www.amazon.com.br'</msg>
<status status="PASS" starttime="20240810 00:05:13.233" endtime="20240810 00:05:14.541"/>
</kw>
<kw name="Wait Until Element Is Visible" library="SeleniumLibrary">
<arg>locator=${MENU_ELETRONICS}</arg>
<doc>Waits until the element ``locator`` is visible.</doc>
<status status="PASS" starttime="20240810 00:05:14.541" endtime="20240810 00:05:14.748"/>
</kw>
<status status="PASS" starttime="20240810 00:05:13.233" endtime="20240810 00:05:14.748"/>
</kw>
<kw name="Go to the menu &quot;Eletrônicos&quot;" library="amazon_resources">
<kw name="Click Link" library="SeleniumLibrary">
<arg>locator=${MENU_ELETRONICS}</arg>
<doc>Clicks a link identified by ``locator``.</doc>
<msg timestamp="20240810 00:05:14.749" level="INFO">Clicking link '//a[@href='/Eletronicos-e-Tecnologia/b/?ie=UTF8&amp;node=16209062011&amp;ref_=nav_cs_electronics'][contains(.,'Eletrônicos')]'.</msg>
<status status="PASS" starttime="20240810 00:05:14.749" endtime="20240810 00:05:16.364"/>
</kw>
<status status="PASS" starttime="20240810 00:05:14.749" endtime="20240810 00:05:16.364"/>
</kw>
<kw name="Verify that the title is displayed as &quot;Eletrônicos e Tecnologia | Amazon.com.br&quot;" library="amazon_resources" sourcename="Verify that the title is displayed as &quot;${TITLE}&quot;">
<kw name="Title Should Be" library="SeleniumLibrary">
<arg>title=${TITLE}</arg>
<doc>Verifies that the current page title equals ``title``.</doc>
<msg timestamp="20240810 00:05:16.369" level="INFO">Page title is 'Eletrônicos e Tecnologia | Amazon.com.br'.</msg>
<status status="PASS" starttime="20240810 00:05:16.365" endtime="20240810 00:05:16.369"/>
</kw>
<status status="PASS" starttime="20240810 00:05:16.365" endtime="20240810 00:05:16.370"/>
</kw>
<kw name="Verify the phrase &quot;Eletrônicos e Tecnologia&quot;" library="amazon_resources" sourcename="Verify the phrase &quot;${PHRASE}&quot;">
<kw name="Wait Until Page Contains" library="SeleniumLibrary">
<arg>text=${PHRASE}</arg>
<doc>Waits until ``text`` appears on the current page.</doc>
<status status="PASS" starttime="20240810 00:05:16.370" endtime="20240810 00:05:16.421"/>
</kw>
<status status="PASS" starttime="20240810 00:05:16.370" endtime="20240810 00:05:16.421"/>
</kw>
<kw name="Verify that the category &quot;Computadores e Informática&quot; is displayed" library="amazon_resources" sourcename="Verify that the category &quot;${CATEGORY_NAME}&quot; is displayed">
<kw name="Element Should Be Visible" library="SeleniumLibrary">
<arg>locator=//a[@aria-label='${CATEGORY_NAME}']</arg>
<doc>Verifies that the element identified by ``locator`` is visible.</doc>
<msg timestamp="20240810 00:05:16.496" level="INFO">Element '//a[@aria-label='Computadores e Informática']' is displayed.</msg>
<status status="PASS" starttime="20240810 00:05:16.421" endtime="20240810 00:05:16.496"/>
</kw>
<status status="PASS" starttime="20240810 00:05:16.421" endtime="20240810 00:05:16.496"/>
</kw>
<kw name="Close the browser" library="amazon_resources" type="TEARDOWN">
<kw name="Close Browser" library="SeleniumLibrary">
<doc>Closes the current browser.</doc>
<status status="PASS" starttime="20240810 00:05:16.497" endtime="20240810 00:05:19.327"/>
</kw>
<status status="PASS" starttime="20240810 00:05:16.497" endtime="20240810 00:05:19.327"/>
</kw>
<doc>This test verifies the menu eletronics</doc>
<tag>categories</tag>
<tag>menus</tag>
<status status="PASS" starttime="20240810 00:05:07.724" endtime="20240810 00:05:19.327"/>
</test>
<doc>this suite tests the amazon website</doc>
<status status="PASS" starttime="20240810 00:05:07.586" endtime="20240810 00:05:19.328"/>
</suite>
<statistics>
<total>
<stat pass="1" fail="0" skip="0">All Tests</stat>
</total>
<tag>
<stat pass="1" fail="0" skip="0">categories</stat>
<stat pass="1" fail="0" skip="0">menus</stat>
</tag>
<suite>
<stat pass="1" fail="0" skip="0" id="s1" name="Amazon Tests">Amazon Tests</stat>
</suite>
</statistics>
<errors>
</errors>
</robot>
