<?xml version="1.0" encoding="UTF-8"?>
<robot generator="Robot 6.1.1 (Python 3.12.1 on win32)" generated="20240810 17:14:51.874" rpa="false" schemaversion="4">
<suite id="s1" name="Amazon Tests Gherkin" source="C:\Users\letic\Documents\Robot Udemy\RobotFramework\WebTesting\amazon_tests_gherkin.robot">
<test id="s1-t1" name="Test Case 02 - Search for a product" line="17">
<kw name="Open the browser" library="amazon_resources" type="SETUP">
<kw name="Open Browser" library="SeleniumLibrary">
<doc>Opens a new browser instance to the optional ``url``.</doc>
<msg timestamp="20240810 17:14:51.996" level="INFO">Opening browser 'firefox' to base url 'None'.</msg>
<status status="PASS" starttime="20240810 17:14:51.996" endtime="20240810 17:14:57.181"/>
</kw>
<kw name="Maximize Browser Window" library="SeleniumLibrary">
<doc>Maximizes current browser window.</doc>
<status status="PASS" starttime="20240810 17:14:57.181" endtime="20240810 17:14:57.449"/>
</kw>
<status status="PASS" starttime="20240810 17:14:51.995" endtime="20240810 17:14:57.449"/>
</kw>
<kw name="Given that I am on the home page (amazon.com.br)" library="amazon_resources">
<kw name="Access the home page (amazon.com.br)" library="amazon_resources">
<kw name="Go To" library="SeleniumLibrary">
<arg>url=${URL}</arg>
<doc>Navigates the current browser window to the provided ``url``.</doc>
<msg timestamp="20240810 17:14:57.450" level="INFO">Opening url 'http://www.amazon.com.br'</msg>
<status status="PASS" starttime="20240810 17:14:57.450" endtime="20240810 17:14:58.550"/>
</kw>
<kw name="Wait Until Element Is Visible" library="SeleniumLibrary">
<arg>locator=${MENU_ELECTRONICS}</arg>
<doc>Waits until the element ``locator`` is visible.</doc>
<status status="PASS" starttime="20240810 17:14:58.551" endtime="20240810 17:14:58.684"/>
</kw>
<status status="PASS" starttime="20240810 17:14:57.450" endtime="20240810 17:14:58.684"/>
</kw>
<status status="PASS" starttime="20240810 17:14:57.449" endtime="20240810 17:14:58.684"/>
</kw>
<kw name="When I type the product name &quot;Echo Dot&quot; in the search field" library="amazon_resources">
<kw name="Type the product name &quot;Echo Dot&quot; in the search field" library="amazon_resources" sourcename="Type the product name &quot;${PRODUCT_NAME}&quot; in the search field">
<kw name="Input Text" library="SeleniumLibrary">
<arg>locator=${SEARCH_INPUT}</arg>
<arg>text=${PRODUCT_NAME}</arg>
<doc>Types the given ``text`` into the text field identified by ``locator``.</doc>
<msg timestamp="20240810 17:14:58.689" level="INFO">Typing text 'Echo Dot' into text field '//input[contains(@type,'text')]'.</msg>
<status status="PASS" starttime="20240810 17:14:58.688" endtime="20240810 17:14:58.888"/>
</kw>
<status status="PASS" starttime="20240810 17:14:58.688" endtime="20240810 17:14:58.889"/>
</kw>
<status status="PASS" starttime="20240810 17:14:58.687" endtime="20240810 17:14:58.889"/>
</kw>
<kw name="And click on the search button" library="amazon_resources">
<kw name="Click on the search button" library="amazon_resources">
<kw name="Click Element" library="SeleniumLibrary">
<arg>locator=${SEARCH_BUTTON}</arg>
<doc>Click the element identified by ``locator``.</doc>
<msg timestamp="20240810 17:14:58.889" level="INFO">Clicking element '//input[contains(@type,'submit')]'.</msg>
<status status="PASS" starttime="20240810 17:14:58.889" endtime="20240810 17:14:59.803"/>
</kw>
<status status="PASS" starttime="20240810 17:14:58.889" endtime="20240810 17:14:59.803"/>
</kw>
<status status="PASS" starttime="20240810 17:14:58.889" endtime="20240810 17:14:59.803"/>
</kw>
<kw name="Then the &quot;Echo Dot&quot; is displayed on the research list" library="amazon_resources">
<kw name="Verifies the &quot;Echo Dot&quot; is displayed on the research list" library="amazon_resources" sourcename="Verifies the &quot;${PRODUCT_NAME}&quot; is displayed on the research list">
<kw name="Wait Until Page Contains" library="SeleniumLibrary">
<arg>text=${PRODUCT_NAME}</arg>
<doc>Waits until ``text`` appears on the current page.</doc>
<status status="PASS" starttime="20240810 17:14:59.804" endtime="20240810 17:14:59.834"/>
</kw>
<status status="PASS" starttime="20240810 17:14:59.804" endtime="20240810 17:14:59.834"/>
</kw>
<status status="PASS" starttime="20240810 17:14:59.804" endtime="20240810 17:14:59.834"/>
</kw>
<kw name="Close the browser" library="amazon_resources" type="TEARDOWN">
<kw name="Capture Page Screenshot" library="SeleniumLibrary">
<doc>Takes a screenshot of the current page and embeds it into a log file.</doc>
<msg timestamp="20240810 17:14:59.994" level="INFO" html="true">&lt;/td&gt;&lt;/tr&gt;&lt;tr&gt;&lt;td colspan="3"&gt;&lt;a href="selenium-screenshot-2.png"&gt;&lt;img src="selenium-screenshot-2.png" width="800px"&gt;&lt;/a&gt;</msg>
<status status="PASS" starttime="20240810 17:14:59.835" endtime="20240810 17:14:59.994"/>
</kw>
<kw name="Close Browser" library="SeleniumLibrary">
<doc>Closes the current browser.</doc>
<status status="PASS" starttime="20240810 17:14:59.994" endtime="20240810 17:15:02.843"/>
</kw>
<status status="PASS" starttime="20240810 17:14:59.834" endtime="20240810 17:15:02.843"/>
</kw>
<doc>Verifies it's possible to search a product</doc>
<tag>search_list</tag>
<tag>search_products</tag>
<status status="PASS" starttime="20240810 17:14:51.995" endtime="20240810 17:15:02.843"/>
</test>
<doc>test suite for amazon.com.br</doc>
<status status="PASS" starttime="20240810 17:14:51.875" endtime="20240810 17:15:02.843"/>
</suite>
<statistics>
<total>
<stat pass="1" fail="0" skip="0">All Tests</stat>
</total>
<tag>
<stat pass="1" fail="0" skip="0">search_list</stat>
<stat pass="1" fail="0" skip="0">search_products</stat>
</tag>
<suite>
<stat pass="1" fail="0" skip="0" id="s1" name="Amazon Tests Gherkin">Amazon Tests Gherkin</stat>
</suite>
</statistics>
<errors>
</errors>
</robot>
