<?xml version="1.0" encoding="UTF-8"?>
<robot generator="Robot 6.1.1 (Python 3.12.1 on win32)" generated="20240810 17:08:28.053" rpa="false" schemaversion="4">
<suite id="s1" name="Amazon Tests Gherkin" source="C:\Users\letic\Documents\Robot Udemy\RobotFramework\WebTesting\amazon_tests_gherkin.robot">
<test id="s1-t1" name="Test Case 01 - Access the electronics menu" line="8">
<kw name="Open the browser" library="amazon_resources" type="SETUP">
<kw name="Open Browser" library="SeleniumLibrary">
<doc>Opens a new browser instance to the optional ``url``.</doc>
<msg timestamp="20240810 17:08:28.174" level="INFO">Opening browser 'firefox' to base url 'None'.</msg>
<status status="PASS" starttime="20240810 17:08:28.174" endtime="20240810 17:08:33.517"/>
</kw>
<kw name="Maximize Browser Window" library="SeleniumLibrary">
<doc>Maximizes current browser window.</doc>
<status status="PASS" starttime="20240810 17:08:33.517" endtime="20240810 17:08:33.778"/>
</kw>
<status status="PASS" starttime="20240810 17:08:28.174" endtime="20240810 17:08:33.778"/>
</kw>
<kw name="Given that I am on the home page (amazon.com.br)" library="amazon_resources">
<kw name="Access the home page (amazon.com.br)" library="amazon_resources">
<kw name="Go To" library="SeleniumLibrary">
<arg>url=${URL}</arg>
<doc>Navigates the current browser window to the provided ``url``.</doc>
<msg timestamp="20240810 17:08:33.779" level="INFO">Opening url 'http://www.amazon.com.br'</msg>
<status status="PASS" starttime="20240810 17:08:33.779" endtime="20240810 17:08:35.008"/>
</kw>
<kw name="Wait Until Element Is Visible" library="SeleniumLibrary">
<arg>locator=${MENU_ELECTRONICS}</arg>
<doc>Waits until the element ``locator`` is visible.</doc>
<status status="PASS" starttime="20240810 17:08:35.008" endtime="20240810 17:08:35.139"/>
</kw>
<status status="PASS" starttime="20240810 17:08:33.779" endtime="20240810 17:08:35.139"/>
</kw>
<status status="PASS" starttime="20240810 17:08:33.779" endtime="20240810 17:08:35.139"/>
</kw>
<kw name="When I go to the menu &quot;Eletrônicos&quot;" library="amazon_resources">
<kw name="Go to the menu &quot;Eletrônicos&quot;" library="amazon_resources">
<kw name="Click Link" library="SeleniumLibrary">
<arg>locator=${MENU_ELECTRONICS}</arg>
<doc>Clicks a link identified by ``locator``.</doc>
<msg timestamp="20240810 17:08:35.140" level="INFO">Clicking link '//a[@href='/Eletronicos-e-Tecnologia/b/?ie=UTF8&amp;node=16209062011&amp;ref_=nav_cs_electronics'][contains(.,'Eletrônicos')]'.</msg>
<status status="PASS" starttime="20240810 17:08:35.139" endtime="20240810 17:08:36.415"/>
</kw>
<status status="PASS" starttime="20240810 17:08:35.139" endtime="20240810 17:08:36.415"/>
</kw>
<status status="PASS" starttime="20240810 17:08:35.139" endtime="20240810 17:08:36.416"/>
</kw>
<kw name="Then the title is displayed as &quot;Eletrônicos e Tecnologia | Amazon.com.br&quot;" library="amazon_resources">
<kw name="Verify that the title is displayed as &quot;Eletrônicos e Tecnologia | Amazon.com.br&quot;" library="amazon_resources" sourcename="Verify that the title is displayed as &quot;${TITLE}&quot;">
<kw name="Title Should Be" library="SeleniumLibrary">
<arg>title=${TITLE}</arg>
<doc>Verifies that the current page title equals ``title``.</doc>
<msg timestamp="20240810 17:08:36.417" level="INFO">Page title is 'Eletrônicos e Tecnologia | Amazon.com.br'.</msg>
<status status="PASS" starttime="20240810 17:08:36.416" endtime="20240810 17:08:36.417"/>
</kw>
<status status="PASS" starttime="20240810 17:08:36.416" endtime="20240810 17:08:36.417"/>
</kw>
<status status="PASS" starttime="20240810 17:08:36.416" endtime="20240810 17:08:36.417"/>
</kw>
<kw name="And the phrase &quot;Eletrônicos e Tecnologia&quot; is displayed" library="amazon_resources">
<kw name="Verify the phrase &quot;Eletrônicos e Tecnologia&quot;" library="amazon_resources" sourcename="Verify the phrase &quot;${PHRASE}&quot;">
<kw name="Wait Until Page Contains" library="SeleniumLibrary">
<arg>text=${PHRASE}</arg>
<doc>Waits until ``text`` appears on the current page.</doc>
<status status="PASS" starttime="20240810 17:08:36.417" endtime="20240810 17:08:36.470"/>
</kw>
<status status="PASS" starttime="20240810 17:08:36.417" endtime="20240810 17:08:36.470"/>
</kw>
<status status="PASS" starttime="20240810 17:08:36.417" endtime="20240810 17:08:36.470"/>
</kw>
<kw name="And the category &quot;Computadores e Informática&quot; is displayed" library="amazon_resources">
<kw name="Verify that the category &quot;Computadores e Informática&quot; is displayed" library="amazon_resources" sourcename="Verify that the category &quot;${CATEGORY_NAME}&quot; is displayed">
<kw name="Element Should Be Visible" library="SeleniumLibrary">
<arg>locator=//a[@aria-label='${CATEGORY_NAME}']</arg>
<doc>Verifies that the element identified by ``locator`` is visible.</doc>
<msg timestamp="20240810 17:08:36.545" level="INFO">Element '//a[@aria-label='Computadores e Informática']' is displayed.</msg>
<status status="PASS" starttime="20240810 17:08:36.471" endtime="20240810 17:08:36.545"/>
</kw>
<status status="PASS" starttime="20240810 17:08:36.471" endtime="20240810 17:08:36.545"/>
</kw>
<status status="PASS" starttime="20240810 17:08:36.470" endtime="20240810 17:08:36.545"/>
</kw>
<kw name="Close the browser" library="amazon_resources" type="TEARDOWN">
<kw name="Capture Page Screenshot" library="SeleniumLibrary">
<doc>Takes a screenshot of the current page and embeds it into a log file.</doc>
<msg timestamp="20240810 17:08:36.682" level="INFO" html="true">&lt;/td&gt;&lt;/tr&gt;&lt;tr&gt;&lt;td colspan="3"&gt;&lt;a href="selenium-screenshot-1.png"&gt;&lt;img src="selenium-screenshot-1.png" width="800px"&gt;&lt;/a&gt;</msg>
<status status="PASS" starttime="20240810 17:08:36.547" endtime="20240810 17:08:36.682"/>
</kw>
<kw name="Close Browser" library="SeleniumLibrary">
<doc>Closes the current browser.</doc>
<status status="PASS" starttime="20240810 17:08:36.683" endtime="20240810 17:08:39.527"/>
</kw>
<status status="PASS" starttime="20240810 17:08:36.545" endtime="20240810 17:08:39.527"/>
</kw>
<doc>The test verifies the electronics</doc>
<tag>categories</tag>
<tag>menus</tag>
<status status="PASS" starttime="20240810 17:08:28.173" endtime="20240810 17:08:39.527"/>
</test>
<doc>test suite for amazon.com.br</doc>
<status status="PASS" starttime="20240810 17:08:28.054" endtime="20240810 17:08:39.527"/>
</suite>
<statistics>
<total>
<stat pass="1" fail="0" skip="0">All Tests</stat>
</total>
<tag>
<stat pass="1" fail="0" skip="0">categories</stat>
<stat pass="1" fail="0" skip="0">menus</stat>
</tag>
<suite>
<stat pass="1" fail="0" skip="0" id="s1" name="Amazon Tests Gherkin">Amazon Tests Gherkin</stat>
</suite>
</statistics>
<errors>
</errors>
</robot>
